================================================================================
                                     S L S                                      
                                  version: 3.3                                  
                      S I M U L A T I O N   R E S U L T S                       
================================================================================
 time         | h   h   c   r 
 in 1e-09 sec | i   i   l   e 
              | t   t   k   s 
              | _   _       e 
              | i   o       t 
              | n   u         
              |     t         
================================================================================
          0.0 | 1   x   1   1
          0.0 | 1   1   1   1
         82.0 | 1   1   0   1
        163.0 | 1   1   0   0
        164.0 | 1   1   1   0
        246.0 | 1   1   0   0
        328.0 | 1   1   1   0
        410.0 | 1   1   0   0
        492.0 | 1   1   1   0
        574.0 | 1   1   0   0
        656.0 | 1   1   1   0
        738.0 | 1   1   0   0
================================================================================
  network : Tank_hit_reg                                            nodes : 22  
================================================================================
