====================================================================================================================================
                                                               S L S                                                                
                                                            version: 3.3                                                            
                                                S I M U L A T I O N   R E S U L T S                                                 
====================================================================================================================================
 time         | t   t   t   t   t   t   t   t   t   t   t   t   t   t   t   t   t   t   t   t   u   r 
 in 1e-09 sec | a   a   a   a   a   a   a   a   a   a   a   a   a   a   a   a   a   a   a   a   p   e 
              | n   n   n   n   n   n   n   n   n   n   n   n   n   n   n   n   n   n   n   n   d   s 
              | k   k   k   k   k   k   k   k   k   k   k   k   k   k   k   k   k   k   k   k   a   e 
              | _   _   _   _   _   _   _   _   _   _   _   _   _   _   _   _   _   _   _   _   t   t 
              | x   x   x   x   x   x   x   x   y   y   y   y   y   y   y   y   o   o   o   o   e     
              | _   _   _   _   _   _   _   _   _   _   _   _   _   _   _   _   r   r   r   r   _     
              | i   i   i   i   o   o   o   o   i   i   i   i   o   o   o   o   _   _   _   _   p     
              | n   n   n   n   u   u   u   u   n   n   n   n   u   u   u   u   i   i   o   o   o     
              | _   _   _   _   t   t   t   t   _   _   _   _   t   t   t   t   n   n   u   u   s     
              | 3   3   3   3   _   _   _   _   3   3   3   3   _   _   _   _   _   _   t   t         
              | _   _   _   _   3   3   3   3   _   _   _   _   3   3   3   3   1   1   _   _         
              | 0   0   0   0   _   _   _   _   0   0   0   0   _   _   _   _   _   _   1   1         
              | _   _   _   _   0   0   0   0   _   _   _   _   0   0   0   0   0   0   _   _         
              | 3   2   1   0   _   _   _   _   3   2   1   0   _   _   _   _   _   _   0   0         
              |                 3   2   1   0                   3   2   1   0   1   0   _   _         
              |                                                                         1   0         
====================================================================================================================================
          0.0 | x   x   1   x   x   x   x   x   x   x   1   x   x   x   x   x   x   x   x   x   1   1
          0.0 | x   x   1   x   1   1   0   1   x   x   1   x   0   0   1   0   x   x   1   1   1   1
         10.0 | 1   1   1   1   1   1   0   1   1   0   1   0   0   0   1   0   1   1   1   1   0   0
         20.0 | 1   1   1   1   1   1   0   1   1   0   1   0   0   0   1   0   1   1   1   1   1   0
         20.8 | 1   1   1   1   1   1   1   1   1   0   1   0   0   0   1   0   1   1   1   1   1   0
         20.9 | 1   1   1   1   1   1   1   1   1   0   1   0   1   0   1   0   1   1   1   1   1   0
         30.0 | 1   1   1   1   1   1   1   1   1   0   1   0   1   0   1   0   1   1   1   1   0   0
         40.0 | 1   1   1   1   1   1   1   1   1   0   1   0   1   0   1   0   1   1   1   1   1   0
         50.0 | 1   1   1   1   1   1   1   1   1   0   1   0   1   0   1   0   1   1   1   1   0   0
         60.0 | 1   1   1   1   1   1   1   1   1   0   1   0   1   0   1   0   1   1   1   1   1   0
         70.0 | 1   1   1   1   1   1   1   1   1   0   1   0   1   0   1   0   1   1   1   1   0   0
         80.0 | 1   1   1   1   1   1   1   1   1   0   1   0   1   0   1   0   1   1   1   1   1   0
         90.0 | 1   1   1   1   1   1   1   1   1   0   1   0   1   0   1   0   1   1   1   1   0   0
        100.0 | 1   1   1   1   1   1   1   1   1   0   1   0   1   0   1   0   1   1   1   1   1   0
====================================================================================================================================
  network : Tank_pos_reg                                                                                               nodes : 208  
====================================================================================================================================
